This file contains any messages produced by compilers while
running configure, to aid debugging if configure makes a mistake.

It was created by dosbox configure SVN, which was
generated by GNU Autoconf 2.71.  Invocation command line was

  $ ./configure --prefix=/home/student/CS3013Projects/CS3013_Project_3/project3/dosbox-src/../dosbox-bin

## --------- ##
## Platform. ##
## --------- ##

hostname = cs2324
uname -m = x86_64
uname -r = 5.15.0-97-generic
uname -s = Linux
uname -v = #107-Ubuntu SMP Wed Feb 7 13:26:48 UTC 2024

/usr/bin/uname -p = x86_64
/bin/uname -X     = unknown

/bin/arch              = x86_64
/usr/bin/arch -k       = unknown
/usr/convex/getsysinfo = unknown
/usr/bin/hostinfo      = unknown
/bin/machine           = unknown
/usr/bin/oslevel       = unknown
/bin/universe          = unknown

PATH: /home/student/.local/bin/
PATH: /home/student/.local/bin/
PATH: /usr/local/sbin/
PATH: /usr/local/bin/
PATH: /usr/sbin/
PATH: /usr/bin/
PATH: /sbin/
PATH: /bin/
PATH: /usr/games/
PATH: /usr/local/games/
PATH: /snap/bin/


## ----------- ##
## Core tests. ##
## ----------- ##

configure:2943: looking for aux files: compile missing install-sh config.guess config.sub
configure:2956:  trying ./
configure:2985:   ./compile found
configure:2985:   ./missing found
configure:2967:   ./install-sh found
configure:2985:   ./config.guess found
configure:2985:   ./config.sub found
configure:3106: checking build system type
configure:3121: result: x86_64-pc-linux-gnu
configure:3141: checking host system type
configure:3155: result: x86_64-pc-linux-gnu
configure:3194: checking for a BSD-compatible install
configure:3267: result: /usr/bin/install -c
configure:3278: checking whether build environment is sane
configure:3333: result: yes
configure:3492: checking for a race-free mkdir -p
configure:3536: result: /usr/bin/mkdir -p
configure:3543: checking for gawk
configure:3564: found /usr/bin/gawk
configure:3575: result: gawk
configure:3586: checking whether make sets $(MAKE)
configure:3609: result: yes
configure:3639: checking whether make supports nested variables
configure:3657: result: yes
configure:3796: checking whether make sets $(MAKE)
configure:3819: result: yes
configure:3890: checking for gcc
configure:3911: found /usr/bin/gcc
configure:3922: result: gcc
configure:4275: checking for C compiler version
configure:4284: gcc --version >&5
gcc (Ubuntu 11.4.0-1ubuntu1~22.04) 11.4.0
Copyright (C) 2021 Free Software Foundation, Inc.
This is free software; see the source for copying conditions.  There is NO
warranty; not even for MERCHANTABILITY or FITNESS FOR A PARTICULAR PURPOSE.

configure:4295: $? = 0
configure:4284: gcc -v >&5
Using built-in specs.
COLLECT_GCC=gcc
COLLECT_LTO_WRAPPER=/usr/lib/gcc/x86_64-linux-gnu/11/lto-wrapper
OFFLOAD_TARGET_NAMES=nvptx-none:amdgcn-amdhsa
OFFLOAD_TARGET_DEFAULT=1
Target: x86_64-linux-gnu
Configured with: ../src/configure -v --with-pkgversion='Ubuntu 11.4.0-1ubuntu1~22.04' --with-bugurl=file:///usr/share/doc/gcc-11/README.Bugs --enable-languages=c,ada,c++,go,brig,d,fortran,objc,obj-c++,m2 --prefix=/usr --with-gcc-major-version-only --program-suffix=-11 --program-prefix=x86_64-linux-gnu- --enable-shared --enable-linker-build-id --libexecdir=/usr/lib --without-included-gettext --enable-threads=posix --libdir=/usr/lib --enable-nls --enable-bootstrap --enable-clocale=gnu --enable-libstdcxx-debug --enable-libstdcxx-time=yes --with-default-libstdcxx-abi=new --enable-gnu-unique-object --disable-vtable-verify --enable-plugin --enable-default-pie --with-system-zlib --enable-libphobos-checking=release --with-target-system-zlib=auto --enable-objc-gc=auto --enable-multiarch --disable-werror --enable-cet --with-arch-32=i686 --with-abi=m64 --with-multilib-list=m32,m64,mx32 --enable-multilib --with-tune=generic --enable-offload-targets=nvptx-none=/build/gcc-11-XeT9lY/gcc-11-11.4.0/debian/tmp-nvptx/usr,amdgcn-amdhsa=/build/gcc-11-XeT9lY/gcc-11-11.4.0/debian/tmp-gcn/usr --without-cuda-driver --enable-checking=release --build=x86_64-linux-gnu --host=x86_64-linux-gnu --target=x86_64-linux-gnu --with-build-config=bootstrap-lto-lean --enable-link-serialization=2
Thread model: posix
Supported LTO compression algorithms: zlib zstd
gcc version 11.4.0 (Ubuntu 11.4.0-1ubuntu1~22.04) 
... rest of stderr output deleted ...
configure:4295: $? = 0
configure:4284: gcc -V >&5
gcc: error: unrecognized command-line option '-V'
gcc: fatal error: no input files
compilation terminated.
configure:4295: $? = 1
configure:4284: gcc -qversion >&5
gcc: error: unrecognized command-line option '-qversion'; did you mean '--version'?
gcc: fatal error: no input files
compilation terminated.
configure:4295: $? = 1
configure:4284: gcc -version >&5
gcc: error: unrecognized command-line option '-version'
gcc: fatal error: no input files
compilation terminated.
configure:4295: $? = 1
configure:4315: checking whether the C compiler works
configure:4337: gcc -DWPI_OS_PROJECT_3=1 -DWPI_OS_PROJECT_3=1  conftest.c  >&5
configure:4341: $? = 0
configure:4391: result: yes
configure:4394: checking for C compiler default output file name
configure:4396: result: a.out
configure:4402: checking for suffix of executables
configure:4409: gcc -o conftest -DWPI_OS_PROJECT_3=1 -DWPI_OS_PROJECT_3=1  conftest.c  >&5
configure:4413: $? = 0
configure:4436: result: 
configure:4458: checking whether we are cross compiling
configure:4466: gcc -o conftest -DWPI_OS_PROJECT_3=1 -DWPI_OS_PROJECT_3=1  conftest.c  >&5
configure:4470: $? = 0
configure:4477: ./conftest
configure:4481: $? = 0
configure:4496: result: no
configure:4501: checking for suffix of object files
configure:4524: gcc -c -DWPI_OS_PROJECT_3=1 -DWPI_OS_PROJECT_3=1 conftest.c >&5
configure:4528: $? = 0
configure:4550: result: o
configure:4554: checking whether the compiler supports GNU C
configure:4574: gcc -c -DWPI_OS_PROJECT_3=1 -DWPI_OS_PROJECT_3=1 conftest.c >&5
configure:4574: $? = 0
configure:4584: result: yes
configure:4595: checking whether gcc accepts -g
configure:4616: gcc -c -g -DWPI_OS_PROJECT_3=1 conftest.c >&5
configure:4616: $? = 0
configure:4660: result: yes
configure:4680: checking for gcc option to enable C11 features
configure:4695: gcc  -c -DWPI_OS_PROJECT_3=1 -DWPI_OS_PROJECT_3=1 conftest.c >&5
configure:4695: $? = 0
configure:4713: result: none needed
configure:4829: checking whether gcc understands -c and -o together
configure:4852: gcc -c conftest.c -o conftest2.o
configure:4855: $? = 0
configure:4852: gcc -c conftest.c -o conftest2.o
configure:4855: $? = 0
configure:4867: result: yes
configure:4887: checking whether make supports the include directive
configure:4902: make -f confmf.GNU && cat confinc.out
make[1]: Entering directory '/home/student/CS3013Projects/CS3013_Project_3/project3/dosbox-src'
make[1]: Leaving directory '/home/student/CS3013Projects/CS3013_Project_3/project3/dosbox-src'
this is the am__doit target
configure:4905: $? = 0
configure:4924: result: yes (GNU style)
configure:4950: checking dependency style of gcc
configure:5062: result: gcc3
configure:5082: checking how to run the C preprocessor
configure:5108: gcc -E -DWPI_OS_PROJECT_3=1 conftest.c
configure:5108: $? = 0
configure:5123: gcc -E -DWPI_OS_PROJECT_3=1 conftest.c
conftest.c:11:10: fatal error: ac_nonexistent.h: No such file or directory
   11 | #include <ac_nonexistent.h>
      |          ^~~~~~~~~~~~~~~~~~
compilation terminated.
configure:5123: $? = 1
configure: failed program was:
| /* confdefs.h */
| #define PACKAGE_NAME "dosbox"
| #define PACKAGE_TARNAME "dosbox"
| #define PACKAGE_VERSION "SVN"
| #define PACKAGE_STRING "dosbox SVN"
| #define PACKAGE_BUGREPORT ""
| #define PACKAGE_URL ""
| #define PACKAGE "dosbox"
| #define VERSION "SVN"
| /* end confdefs.h.  */
| #include <ac_nonexistent.h>
configure:5150: result: gcc -E
configure:5164: gcc -E -DWPI_OS_PROJECT_3=1 conftest.c
configure:5164: $? = 0
configure:5179: gcc -E -DWPI_OS_PROJECT_3=1 conftest.c
conftest.c:11:10: fatal error: ac_nonexistent.h: No such file or directory
   11 | #include <ac_nonexistent.h>
      |          ^~~~~~~~~~~~~~~~~~
compilation terminated.
configure:5179: $? = 1
configure: failed program was:
| /* confdefs.h */
| #define PACKAGE_NAME "dosbox"
| #define PACKAGE_TARNAME "dosbox"
| #define PACKAGE_VERSION "SVN"
| #define PACKAGE_STRING "dosbox SVN"
| #define PACKAGE_BUGREPORT ""
| #define PACKAGE_URL ""
| #define PACKAGE "dosbox"
| #define VERSION "SVN"
| /* end confdefs.h.  */
| #include <ac_nonexistent.h>
configure:5278: checking for g++
configure:5299: found /usr/bin/g++
configure:5310: result: g++
configure:5337: checking for C++ compiler version
configure:5346: g++ --version >&5
g++ (Ubuntu 11.4.0-1ubuntu1~22.04) 11.4.0
Copyright (C) 2021 Free Software Foundation, Inc.
This is free software; see the source for copying conditions.  There is NO
warranty; not even for MERCHANTABILITY or FITNESS FOR A PARTICULAR PURPOSE.

configure:5357: $? = 0
configure:5346: g++ -v >&5
Using built-in specs.
COLLECT_GCC=g++
COLLECT_LTO_WRAPPER=/usr/lib/gcc/x86_64-linux-gnu/11/lto-wrapper
OFFLOAD_TARGET_NAMES=nvptx-none:amdgcn-amdhsa
OFFLOAD_TARGET_DEFAULT=1
Target: x86_64-linux-gnu
Configured with: ../src/configure -v --with-pkgversion='Ubuntu 11.4.0-1ubuntu1~22.04' --with-bugurl=file:///usr/share/doc/gcc-11/README.Bugs --enable-languages=c,ada,c++,go,brig,d,fortran,objc,obj-c++,m2 --prefix=/usr --with-gcc-major-version-only --program-suffix=-11 --program-prefix=x86_64-linux-gnu- --enable-shared --enable-linker-build-id --libexecdir=/usr/lib --without-included-gettext --enable-threads=posix --libdir=/usr/lib --enable-nls --enable-bootstrap --enable-clocale=gnu --enable-libstdcxx-debug --enable-libstdcxx-time=yes --with-default-libstdcxx-abi=new --enable-gnu-unique-object --disable-vtable-verify --enable-plugin --enable-default-pie --with-system-zlib --enable-libphobos-checking=release --with-target-system-zlib=auto --enable-objc-gc=auto --enable-multiarch --disable-werror --enable-cet --with-arch-32=i686 --with-abi=m64 --with-multilib-list=m32,m64,mx32 --enable-multilib --with-tune=generic --enable-offload-targets=nvptx-none=/build/gcc-11-XeT9lY/gcc-11-11.4.0/debian/tmp-nvptx/usr,amdgcn-amdhsa=/build/gcc-11-XeT9lY/gcc-11-11.4.0/debian/tmp-gcn/usr --without-cuda-driver --enable-checking=release --build=x86_64-linux-gnu --host=x86_64-linux-gnu --target=x86_64-linux-gnu --with-build-config=bootstrap-lto-lean --enable-link-serialization=2
Thread model: posix
Supported LTO compression algorithms: zlib zstd
gcc version 11.4.0 (Ubuntu 11.4.0-1ubuntu1~22.04) 
... rest of stderr output deleted ...
configure:5357: $? = 0
configure:5346: g++ -V >&5
g++: error: unrecognized command-line option '-V'
g++: fatal error: no input files
compilation terminated.
configure:5357: $? = 1
configure:5346: g++ -qversion >&5
g++: error: unrecognized command-line option '-qversion'; did you mean '--version'?
g++: fatal error: no input files
compilation terminated.
configure:5357: $? = 1
configure:5361: checking whether the compiler supports GNU C++
configure:5381: g++ -c  -DWPI_OS_PROJECT_3=1 conftest.cpp >&5
configure:5381: $? = 0
configure:5391: result: yes
configure:5402: checking whether g++ accepts -g
configure:5423: g++ -c -g -DWPI_OS_PROJECT_3=1 conftest.cpp >&5
configure:5423: $? = 0
configure:5467: result: yes
configure:5487: checking for g++ option to enable C++11 features
configure:5502: g++  -c -g -O2 -DWPI_OS_PROJECT_3=1 conftest.cpp >&5
conftest.cpp: In function 'int main(int, char**)':
conftest.cpp:177:25: warning: empty parentheses were disambiguated as a function declaration [-Wvexing-parse]
  177 |   cxx11test::delegate d2();
      |                         ^~
conftest.cpp:177:25: note: remove parentheses to default-initialize a variable
  177 |   cxx11test::delegate d2();
      |                         ^~
      |                         --
conftest.cpp:177:25: note: or replace parentheses with braces to value-initialize a variable
configure:5502: $? = 0
configure:5520: result: none needed
configure:5586: checking dependency style of g++
configure:5698: result: gcc3
configure:5762: checking for ranlib
configure:5783: found /usr/bin/ranlib
configure:5794: result: ranlib
configure:5866: checking for sdl-config
configure:5889: found /usr/bin/sdl-config
configure:5902: result: /usr/bin/sdl-config
configure:5911: checking for SDL - version >= 1.2.0
configure:5997: gcc -o conftest -DWPI_OS_PROJECT_3=1 -I/usr/include/SDL -D_GNU_SOURCE=1 -D_REENTRANT -DWPI_OS_PROJECT_3=1  conftest.c  -L/usr/lib/x86_64-linux-gnu -lSDL >&5
configure:5997: $? = 0
configure:5997: ./conftest
configure:5997: $? = 0
configure:6012: result: yes
configure:6079: checking SDL version only being 1.2.X
configure:6093: gcc -c -DWPI_OS_PROJECT_3=1 -DWPI_OS_PROJECT_3=1 -I/usr/include/SDL -D_GNU_SOURCE=1 -D_REENTRANT conftest.c >&5
configure:6093: $? = 0
configure:6095: result: yes
configure:6106: checking for an ANSI C-conforming const
configure:6173: gcc -c -DWPI_OS_PROJECT_3=1 -DWPI_OS_PROJECT_3=1 -I/usr/include/SDL -D_GNU_SOURCE=1 -D_REENTRANT conftest.c >&5
configure:6173: $? = 0
configure:6181: result: yes
configure:6189: checking for inline
configure:6206: gcc -c -DWPI_OS_PROJECT_3=1 -DWPI_OS_PROJECT_3=1 -I/usr/include/SDL -D_GNU_SOURCE=1 -D_REENTRANT conftest.c >&5
configure:6206: $? = 0
configure:6215: result: inline
configure:6237: checking for stdio.h
configure:6237: gcc -c -DWPI_OS_PROJECT_3=1 -DWPI_OS_PROJECT_3=1 -I/usr/include/SDL -D_GNU_SOURCE=1 -D_REENTRANT conftest.c >&5
configure:6237: $? = 0
configure:6237: result: yes
configure:6237: checking for stdlib.h
configure:6237: gcc -c -DWPI_OS_PROJECT_3=1 -DWPI_OS_PROJECT_3=1 -I/usr/include/SDL -D_GNU_SOURCE=1 -D_REENTRANT conftest.c >&5
configure:6237: $? = 0
configure:6237: result: yes
configure:6237: checking for string.h
configure:6237: gcc -c -DWPI_OS_PROJECT_3=1 -DWPI_OS_PROJECT_3=1 -I/usr/include/SDL -D_GNU_SOURCE=1 -D_REENTRANT conftest.c >&5
configure:6237: $? = 0
configure:6237: result: yes
configure:6237: checking for inttypes.h
configure:6237: gcc -c -DWPI_OS_PROJECT_3=1 -DWPI_OS_PROJECT_3=1 -I/usr/include/SDL -D_GNU_SOURCE=1 -D_REENTRANT conftest.c >&5
configure:6237: $? = 0
configure:6237: result: yes
configure:6237: checking for stdint.h
configure:6237: gcc -c -DWPI_OS_PROJECT_3=1 -DWPI_OS_PROJECT_3=1 -I/usr/include/SDL -D_GNU_SOURCE=1 -D_REENTRANT conftest.c >&5
configure:6237: $? = 0
configure:6237: result: yes
configure:6237: checking for strings.h
configure:6237: gcc -c -DWPI_OS_PROJECT_3=1 -DWPI_OS_PROJECT_3=1 -I/usr/include/SDL -D_GNU_SOURCE=1 -D_REENTRANT conftest.c >&5
configure:6237: $? = 0
configure:6237: result: yes
configure:6237: checking for sys/stat.h
configure:6237: gcc -c -DWPI_OS_PROJECT_3=1 -DWPI_OS_PROJECT_3=1 -I/usr/include/SDL -D_GNU_SOURCE=1 -D_REENTRANT conftest.c >&5
configure:6237: $? = 0
configure:6237: result: yes
configure:6237: checking for sys/types.h
configure:6237: gcc -c -DWPI_OS_PROJECT_3=1 -DWPI_OS_PROJECT_3=1 -I/usr/include/SDL -D_GNU_SOURCE=1 -D_REENTRANT conftest.c >&5
configure:6237: $? = 0
configure:6237: result: yes
configure:6237: checking for unistd.h
configure:6237: gcc -c -DWPI_OS_PROJECT_3=1 -DWPI_OS_PROJECT_3=1 -I/usr/include/SDL -D_GNU_SOURCE=1 -D_REENTRANT conftest.c >&5
configure:6237: $? = 0
configure:6237: result: yes
configure:6262: checking for size_t
configure:6262: gcc -c -DWPI_OS_PROJECT_3=1 -DWPI_OS_PROJECT_3=1 -I/usr/include/SDL -D_GNU_SOURCE=1 -D_REENTRANT conftest.c >&5
configure:6262: $? = 0
configure:6262: gcc -c -DWPI_OS_PROJECT_3=1 -DWPI_OS_PROJECT_3=1 -I/usr/include/SDL -D_GNU_SOURCE=1 -D_REENTRANT conftest.c >&5
conftest.c: In function 'main':
conftest.c:52:21: error: expected expression before ')' token
   52 | if (sizeof ((size_t)))
      |                     ^
configure:6262: $? = 1
configure: failed program was:
| /* confdefs.h */
| #define PACKAGE_NAME "dosbox"
| #define PACKAGE_TARNAME "dosbox"
| #define PACKAGE_VERSION "SVN"
| #define PACKAGE_STRING "dosbox SVN"
| #define PACKAGE_BUGREPORT ""
| #define PACKAGE_URL ""
| #define PACKAGE "dosbox"
| #define VERSION "SVN"
| #define HAVE_STDIO_H 1
| #define HAVE_STDLIB_H 1
| #define HAVE_STRING_H 1
| #define HAVE_INTTYPES_H 1
| #define HAVE_STDINT_H 1
| #define HAVE_STRINGS_H 1
| #define HAVE_SYS_STAT_H 1
| #define HAVE_SYS_TYPES_H 1
| #define HAVE_UNISTD_H 1
| #define STDC_HEADERS 1
| /* end confdefs.h.  */
| #include <stddef.h>
| #ifdef HAVE_STDIO_H
| # include <stdio.h>
| #endif
| #ifdef HAVE_STDLIB_H
| # include <stdlib.h>
| #endif
| #ifdef HAVE_STRING_H
| # include <string.h>
| #endif
| #ifdef HAVE_INTTYPES_H
| # include <inttypes.h>
| #endif
| #ifdef HAVE_STDINT_H
| # include <stdint.h>
| #endif
| #ifdef HAVE_STRINGS_H
| # include <strings.h>
| #endif
| #ifdef HAVE_SYS_TYPES_H
| # include <sys/types.h>
| #endif
| #ifdef HAVE_SYS_STAT_H
| # include <sys/stat.h>
| #endif
| #ifdef HAVE_UNISTD_H
| # include <unistd.h>
| #endif
| int
| main (void)
| {
| if (sizeof ((size_t)))
| 	    return 0;
|   ;
|   return 0;
| }
configure:6262: result: yes
configure:6272: checking whether struct tm is in sys/time.h or time.h
configure:6293: gcc -c -DWPI_OS_PROJECT_3=1 -DWPI_OS_PROJECT_3=1 -I/usr/include/SDL -D_GNU_SOURCE=1 -D_REENTRANT conftest.c >&5
configure:6293: $? = 0
configure:6301: result: time.h
configure:6313: checking size of unsigned char
configure:6319: gcc -o conftest -DWPI_OS_PROJECT_3=1 -DWPI_OS_PROJECT_3=1 -I/usr/include/SDL -D_GNU_SOURCE=1 -D_REENTRANT  conftest.c  -L/usr/lib/x86_64-linux-gnu -lSDL >&5
configure:6319: $? = 0
configure:6319: ./conftest
configure:6319: $? = 0
configure:6334: result: 1
configure:6346: checking size of unsigned short
configure:6352: gcc -o conftest -DWPI_OS_PROJECT_3=1 -DWPI_OS_PROJECT_3=1 -I/usr/include/SDL -D_GNU_SOURCE=1 -D_REENTRANT  conftest.c  -L/usr/lib/x86_64-linux-gnu -lSDL >&5
configure:6352: $? = 0
configure:6352: ./conftest
configure:6352: $? = 0
configure:6367: result: 2
configure:6379: checking size of unsigned int
configure:6385: gcc -o conftest -DWPI_OS_PROJECT_3=1 -DWPI_OS_PROJECT_3=1 -I/usr/include/SDL -D_GNU_SOURCE=1 -D_REENTRANT  conftest.c  -L/usr/lib/x86_64-linux-gnu -lSDL >&5
configure:6385: $? = 0
configure:6385: ./conftest
configure:6385: $? = 0
configure:6400: result: 4
configure:6412: checking size of unsigned long
configure:6418: gcc -o conftest -DWPI_OS_PROJECT_3=1 -DWPI_OS_PROJECT_3=1 -I/usr/include/SDL -D_GNU_SOURCE=1 -D_REENTRANT  conftest.c  -L/usr/lib/x86_64-linux-gnu -lSDL >&5
configure:6418: $? = 0
configure:6418: ./conftest
configure:6418: $? = 0
configure:6433: result: 8
configure:6445: checking size of unsigned long long
configure:6451: gcc -o conftest -DWPI_OS_PROJECT_3=1 -DWPI_OS_PROJECT_3=1 -I/usr/include/SDL -D_GNU_SOURCE=1 -D_REENTRANT  conftest.c  -L/usr/lib/x86_64-linux-gnu -lSDL >&5
configure:6451: $? = 0
configure:6451: ./conftest
configure:6451: $? = 0
configure:6466: result: 8
configure:6478: checking size of int *
configure:6484: gcc -o conftest -DWPI_OS_PROJECT_3=1 -DWPI_OS_PROJECT_3=1 -I/usr/include/SDL -D_GNU_SOURCE=1 -D_REENTRANT  conftest.c  -L/usr/lib/x86_64-linux-gnu -lSDL >&5
configure:6484: $? = 0
configure:6484: ./conftest
configure:6484: $? = 0
configure:6499: result: 8
configure:6508: checking for stdlib.h
configure:6508: result: yes
configure:6514: checking for sys/types.h
configure:6514: result: yes
configure:6521: checking for sys/socket.h
configure:6521: gcc -c -DWPI_OS_PROJECT_3=1 -DWPI_OS_PROJECT_3=1 -I/usr/include/SDL -D_GNU_SOURCE=1 -D_REENTRANT conftest.c >&5
configure:6521: $? = 0
configure:6521: result: yes
configure:6540: checking for netinet/in.h
configure:6540: gcc -c -DWPI_OS_PROJECT_3=1 -DWPI_OS_PROJECT_3=1 -I/usr/include/SDL -D_GNU_SOURCE=1 -D_REENTRANT conftest.c >&5
configure:6540: $? = 0
configure:6540: result: yes
configure:6559: checking for pwd.h
configure:6559: gcc -c -DWPI_OS_PROJECT_3=1 -DWPI_OS_PROJECT_3=1 -I/usr/include/SDL -D_GNU_SOURCE=1 -D_REENTRANT conftest.c >&5
configure:6559: $? = 0
configure:6559: result: yes
configure:6600: gcc -c -DWPI_OS_PROJECT_3=1 -DWPI_OS_PROJECT_3=1 -I/usr/include/SDL -D_GNU_SOURCE=1 -D_REENTRANT conftest.c >&5
configure:6600: $? = 0
configure:6610: checking if environ can be included
configure:6625: gcc -o conftest -DWPI_OS_PROJECT_3=1 -DWPI_OS_PROJECT_3=1 -I/usr/include/SDL -D_GNU_SOURCE=1 -D_REENTRANT  conftest.c  -L/usr/lib/x86_64-linux-gnu -lSDL >&5
configure:6625: $? = 0
configure:6627: result: yes
configure:6638: checking if environ can be linked
configure:6651: gcc -o conftest -DWPI_OS_PROJECT_3=1 -DWPI_OS_PROJECT_3=1 -I/usr/include/SDL -D_GNU_SOURCE=1 -D_REENTRANT  conftest.c  -L/usr/lib/x86_64-linux-gnu -lSDL >&5
configure:6651: $? = 0
configure:6653: result: yes
configure:6664: checking if dirent includes d_type
configure:6676: gcc -c -DWPI_OS_PROJECT_3=1 -DWPI_OS_PROJECT_3=1 -I/usr/include/SDL -D_GNU_SOURCE=1 -D_REENTRANT conftest.c >&5
configure:6676: $? = 0
configure:6678: result: yes
configure:6689: checking for powf in libm
configure:6706: gcc -o conftest -DWPI_OS_PROJECT_3=1 -DWPI_OS_PROJECT_3=1 -I/usr/include/SDL -D_GNU_SOURCE=1 -D_REENTRANT  conftest.c  -L/usr/lib/x86_64-linux-gnu -lSDL -lm >&5
configure:6706: $? = 0
configure:6708: result: yes
configure:6720: checking for library containing clock_gettime
configure:6750: gcc -o conftest -DWPI_OS_PROJECT_3=1 -DWPI_OS_PROJECT_3=1 -I/usr/include/SDL -D_GNU_SOURCE=1 -D_REENTRANT  conftest.c  -L/usr/lib/x86_64-linux-gnu -lSDL >&5
configure:6750: $? = 0
configure:6770: result: none required
configure:6789: checking if compiler allows __attribute__
configure:6803: gcc -c -DWPI_OS_PROJECT_3=1 -DWPI_OS_PROJECT_3=1 -I/usr/include/SDL -D_GNU_SOURCE=1 -D_REENTRANT conftest.c >&5
configure:6803: $? = 0
configure:6805: result: yes
configure:6820: checking if compiler allows __attribute__((always_inline)) 
configure:6827: gcc -c -Werror -DWPI_OS_PROJECT_3=1 -I/usr/include/SDL -D_GNU_SOURCE=1 -D_REENTRANT conftest.c >&5
configure:6827: $? = 0
configure:6829: result: yes
configure:6839: checking if compiler allows __attribute__((fastcall)) 
configure:6846: gcc -c -Werror -DWPI_OS_PROJECT_3=1 -I/usr/include/SDL -D_GNU_SOURCE=1 -D_REENTRANT conftest.c >&5
conftest.c:38:2: error: 'fastcall' attribute ignored [-Werror=attributes]
   38 |  void __attribute__((fastcall)) test(){}
      |  ^~~~
cc1: all warnings being treated as errors
configure:6846: $? = 1
configure: failed program was:
| /* confdefs.h */
| #define PACKAGE_NAME "dosbox"
| #define PACKAGE_TARNAME "dosbox"
| #define PACKAGE_VERSION "SVN"
| #define PACKAGE_STRING "dosbox SVN"
| #define PACKAGE_BUGREPORT ""
| #define PACKAGE_URL ""
| #define PACKAGE "dosbox"
| #define VERSION "SVN"
| #define HAVE_STDIO_H 1
| #define HAVE_STDLIB_H 1
| #define HAVE_STRING_H 1
| #define HAVE_INTTYPES_H 1
| #define HAVE_STDINT_H 1
| #define HAVE_STRINGS_H 1
| #define HAVE_SYS_STAT_H 1
| #define HAVE_SYS_TYPES_H 1
| #define HAVE_UNISTD_H 1
| #define STDC_HEADERS 1
| #define SIZEOF_UNSIGNED_CHAR 1
| #define SIZEOF_UNSIGNED_SHORT 2
| #define SIZEOF_UNSIGNED_INT 4
| #define SIZEOF_UNSIGNED_LONG 8
| #define SIZEOF_UNSIGNED_LONG_LONG 8
| #define SIZEOF_INT_P 8
| #define HAVE_STDLIB_H 1
| #define HAVE_SYS_TYPES_H 1
| #define HAVE_SYS_SOCKET_H 1
| #define HAVE_NETINET_IN_H 1
| #define HAVE_PWD_H 1
| #define ENVIRON_INCLUDED 1
| #define ENVIRON_LINKED 1
| #define DIRENT_HAS_D_TYPE 1
| #define DB_HAVE_CLOCK_GETTIME 1
| #define C_HAS_ATTRIBUTE 1
| #define C_ATTRIBUTE_ALWAYS_INLINE 1
| /* end confdefs.h.  */
|  void __attribute__((fastcall)) test(){}
| 
configure:6852: result: no
configure:6870: checking if compiler allows __builtin_expect
configure:6886: g++ -c -g -O2 -DWPI_OS_PROJECT_3=1 -I/usr/include/SDL -D_GNU_SOURCE=1 -D_REENTRANT conftest.cpp >&5
configure:6886: $? = 0
configure:6888: result: yes
configure:6907: checking if compiler supports -mno-ms-bitfields
configure:6917: gcc -c -mno-ms-bitfields -DWPI_OS_PROJECT_3=1 -I/usr/include/SDL -D_GNU_SOURCE=1 -D_REENTRANT conftest.c >&5
configure:6917: $? = 0
configure:6920: result: yes
configure:6980: checking if compiler supports Apple's MIDI headers
configure:6982: result: no, not on Apple
configure:7033: checking for ALSA CFLAGS
configure:7039: result: 
configure:7042: checking for ALSA LDFLAGS
configure:7055: result:  -lasound -lm -ldl -lpthread
configure:7059: checking for libasound headers version >= 0.9.0
configure:7121: gcc -c -DWPI_OS_PROJECT_3=1 -DWPI_OS_PROJECT_3=1 -I/usr/include/SDL -D_GNU_SOURCE=1 -D_REENTRANT conftest.c >&5
configure:7121: $? = 0
configure:7123: result: found.
configure:7140: checking for snd_ctl_open in -lasound
configure:7163: gcc -o conftest -DWPI_OS_PROJECT_3=1 -DWPI_OS_PROJECT_3=1 -I/usr/include/SDL -D_GNU_SOURCE=1 -D_REENTRANT  conftest.c -lasound   -lasound -lm -ldl -lpthread -L/usr/lib/x86_64-linux-gnu -lSDL >&5
configure:7163: $? = 0
configure:7173: result: yes
configure:7212: checking whether byte ordering is bigendian
configure:7228: gcc -c -DWPI_OS_PROJECT_3=1 -DWPI_OS_PROJECT_3=1 -I/usr/include/SDL -D_GNU_SOURCE=1 -D_REENTRANT conftest.c >&5
conftest.c:42:16: error: unknown type name 'not'
   42 |                not a universal capable compiler
      |                ^~~
conftest.c:42:22: error: expected '=', ',', ';', 'asm' or '__attribute__' before 'universal'
   42 |                not a universal capable compiler
      |                      ^~~~~~~~~
conftest.c:42:22: error: unknown type name 'universal'
configure:7228: $? = 1
configure: failed program was:
| /* confdefs.h */
| #define PACKAGE_NAME "dosbox"
| #define PACKAGE_TARNAME "dosbox"
| #define PACKAGE_VERSION "SVN"
| #define PACKAGE_STRING "dosbox SVN"
| #define PACKAGE_BUGREPORT ""
| #define PACKAGE_URL ""
| #define PACKAGE "dosbox"
| #define VERSION "SVN"
| #define HAVE_STDIO_H 1
| #define HAVE_STDLIB_H 1
| #define HAVE_STRING_H 1
| #define HAVE_INTTYPES_H 1
| #define HAVE_STDINT_H 1
| #define HAVE_STRINGS_H 1
| #define HAVE_SYS_STAT_H 1
| #define HAVE_SYS_TYPES_H 1
| #define HAVE_UNISTD_H 1
| #define STDC_HEADERS 1
| #define SIZEOF_UNSIGNED_CHAR 1
| #define SIZEOF_UNSIGNED_SHORT 2
| #define SIZEOF_UNSIGNED_INT 4
| #define SIZEOF_UNSIGNED_LONG 8
| #define SIZEOF_UNSIGNED_LONG_LONG 8
| #define SIZEOF_INT_P 8
| #define HAVE_STDLIB_H 1
| #define HAVE_SYS_TYPES_H 1
| #define HAVE_SYS_SOCKET_H 1
| #define HAVE_NETINET_IN_H 1
| #define HAVE_PWD_H 1
| #define ENVIRON_INCLUDED 1
| #define ENVIRON_LINKED 1
| #define DIRENT_HAS_D_TYPE 1
| #define DB_HAVE_CLOCK_GETTIME 1
| #define C_HAS_ATTRIBUTE 1
| #define C_ATTRIBUTE_ALWAYS_INLINE 1
| #define C_HAS_BUILTIN_EXPECT 1
| #define HAVE_LIBASOUND 1
| #define HAVE_ALSA 1
| /* end confdefs.h.  */
| #ifndef __APPLE_CC__
| 	       not a universal capable compiler
| 	     #endif
| 	     typedef int dummy;
| 
configure:7274: gcc -c -DWPI_OS_PROJECT_3=1 -DWPI_OS_PROJECT_3=1 -I/usr/include/SDL -D_GNU_SOURCE=1 -D_REENTRANT conftest.c >&5
configure:7274: $? = 0
configure:7293: gcc -c -DWPI_OS_PROJECT_3=1 -DWPI_OS_PROJECT_3=1 -I/usr/include/SDL -D_GNU_SOURCE=1 -D_REENTRANT conftest.c >&5
conftest.c: In function 'main':
conftest.c:48:18: error: unknown type name 'not'; did you mean 'ino_t'?
   48 |                  not big endian
      |                  ^~~
      |                  ino_t
conftest.c:48:26: error: expected '=', ',', ';', 'asm' or '__attribute__' before 'endian'
   48 |                  not big endian
      |                          ^~~~~~
configure:7293: $? = 1
configure: failed program was:
| /* confdefs.h */
| #define PACKAGE_NAME "dosbox"
| #define PACKAGE_TARNAME "dosbox"
| #define PACKAGE_VERSION "SVN"
| #define PACKAGE_STRING "dosbox SVN"
| #define PACKAGE_BUGREPORT ""
| #define PACKAGE_URL ""
| #define PACKAGE "dosbox"
| #define VERSION "SVN"
| #define HAVE_STDIO_H 1
| #define HAVE_STDLIB_H 1
| #define HAVE_STRING_H 1
| #define HAVE_INTTYPES_H 1
| #define HAVE_STDINT_H 1
| #define HAVE_STRINGS_H 1
| #define HAVE_SYS_STAT_H 1
| #define HAVE_SYS_TYPES_H 1
| #define HAVE_UNISTD_H 1
| #define STDC_HEADERS 1
| #define SIZEOF_UNSIGNED_CHAR 1
| #define SIZEOF_UNSIGNED_SHORT 2
| #define SIZEOF_UNSIGNED_INT 4
| #define SIZEOF_UNSIGNED_LONG 8
| #define SIZEOF_UNSIGNED_LONG_LONG 8
| #define SIZEOF_INT_P 8
| #define HAVE_STDLIB_H 1
| #define HAVE_SYS_TYPES_H 1
| #define HAVE_SYS_SOCKET_H 1
| #define HAVE_NETINET_IN_H 1
| #define HAVE_PWD_H 1
| #define ENVIRON_INCLUDED 1
| #define ENVIRON_LINKED 1
| #define DIRENT_HAS_D_TYPE 1
| #define DB_HAVE_CLOCK_GETTIME 1
| #define C_HAS_ATTRIBUTE 1
| #define C_ATTRIBUTE_ALWAYS_INLINE 1
| #define C_HAS_BUILTIN_EXPECT 1
| #define HAVE_LIBASOUND 1
| #define HAVE_ALSA 1
| /* end confdefs.h.  */
| #include <sys/types.h>
| 		#include <sys/param.h>
| 
| int
| main (void)
| {
| #if BYTE_ORDER != BIG_ENDIAN
| 		 not big endian
| 		#endif
| 
|   ;
|   return 0;
| }
configure:7427: result: no
configure:7626: checking whether memory handling in the CPU Core will be inlined
configure:7629: result: yes
configure:7639: checking for target cpu type
configure:7645: result: x86-64 bit compatible
configure:7717: gcc -c -DWPI_OS_PROJECT_3=1 -DWPI_OS_PROJECT_3=1 -I/usr/include/SDL -D_GNU_SOURCE=1 -D_REENTRANT conftest.c >&5
conftest.c:45:2: error: #error size intp is not 4, this not something to worry about
   45 | #error size intp is not 4, this not something to worry about
      |  ^~~~~
configure:7717: $? = 1
configure: failed program was:
| /* confdefs.h */
| #define PACKAGE_NAME "dosbox"
| #define PACKAGE_TARNAME "dosbox"
| #define PACKAGE_VERSION "SVN"
| #define PACKAGE_STRING "dosbox SVN"
| #define PACKAGE_BUGREPORT ""
| #define PACKAGE_URL ""
| #define PACKAGE "dosbox"
| #define VERSION "SVN"
| #define HAVE_STDIO_H 1
| #define HAVE_STDLIB_H 1
| #define HAVE_STRING_H 1
| #define HAVE_INTTYPES_H 1
| #define HAVE_STDINT_H 1
| #define HAVE_STRINGS_H 1
| #define HAVE_SYS_STAT_H 1
| #define HAVE_SYS_TYPES_H 1
| #define HAVE_UNISTD_H 1
| #define STDC_HEADERS 1
| #define SIZEOF_UNSIGNED_CHAR 1
| #define SIZEOF_UNSIGNED_SHORT 2
| #define SIZEOF_UNSIGNED_INT 4
| #define SIZEOF_UNSIGNED_LONG 8
| #define SIZEOF_UNSIGNED_LONG_LONG 8
| #define SIZEOF_INT_P 8
| #define HAVE_STDLIB_H 1
| #define HAVE_SYS_TYPES_H 1
| #define HAVE_SYS_SOCKET_H 1
| #define HAVE_NETINET_IN_H 1
| #define HAVE_PWD_H 1
| #define ENVIRON_INCLUDED 1
| #define ENVIRON_LINKED 1
| #define DIRENT_HAS_D_TYPE 1
| #define DB_HAVE_CLOCK_GETTIME 1
| #define C_HAS_ATTRIBUTE 1
| #define C_ATTRIBUTE_ALWAYS_INLINE 1
| #define C_HAS_BUILTIN_EXPECT 1
| #define HAVE_LIBASOUND 1
| #define HAVE_ALSA 1
| #define C_CORE_INLINE 1
| #define C_TARGETCPU X86_64
| /* end confdefs.h.  */
| 
| #if SIZEOF_INT_P != 4
| #error size intp is not 4, this not something to worry about
| #endif
| void blah() {
| ;
| }
| 
configure:7726: checking whether Apple user wants to override the build process to produce a 32 bit binary
configure:7742: result: no, not on Apple
configure:7765: checking whether x86 dynamic cpu core will be enabled
configure:7774: result: yes
configure:7791: checking whether recompiling cpu core will be enabled
configure:7804: result: no, using dynamic-x86
configure:7829: checking whether fpu emulation will be enabled
configure:7832: result: yes
configure:7858: checking whether the x86/x64 assembly fpu core will be enabled
configure:7868: result: yes
configure:7889: checking whether to enable unaligned memory access
configure:7894: result: yes
configure:7910: checking for png.h
configure:7910: gcc -c -DWPI_OS_PROJECT_3=1 -DWPI_OS_PROJECT_3=1 -I/usr/include/SDL -D_GNU_SOURCE=1 -D_REENTRANT conftest.c >&5
configure:7910: $? = 0
configure:7910: result: yes
configure:7918: checking for png_get_io_ptr in -lpng
configure:7941: gcc -o conftest -DWPI_OS_PROJECT_3=1 -DWPI_OS_PROJECT_3=1 -I/usr/include/SDL -D_GNU_SOURCE=1 -D_REENTRANT  conftest.c -lpng -lz -lasound -lm -ldl -lpthread -L/usr/lib/x86_64-linux-gnu -lSDL >&5
configure:7941: $? = 0
configure:7951: result: yes
configure:7960: checking whether screenshots will be enabled
configure:7967: result: yes
configure:7987: checking for zlib.h
configure:7987: gcc -c -DWPI_OS_PROJECT_3=1 -DWPI_OS_PROJECT_3=1 -I/usr/include/SDL -D_GNU_SOURCE=1 -D_REENTRANT conftest.c >&5
configure:7987: $? = 0
configure:7987: result: yes
configure:7993: checking for compress in -lz
configure:8016: gcc -o conftest -DWPI_OS_PROJECT_3=1 -DWPI_OS_PROJECT_3=1 -I/usr/include/SDL -D_GNU_SOURCE=1 -D_REENTRANT  conftest.c -lz  -lasound -lm -ldl -lpthread -L/usr/lib/x86_64-linux-gnu -lSDL -lpng -lz >&5
configure:8016: $? = 0
configure:8026: result: yes
configure:8033: checking whether recording will be enabled
configure:8042: result: yes
configure:8055: checking for SDL_net.h
configure:8055: gcc -c -DWPI_OS_PROJECT_3=1 -DWPI_OS_PROJECT_3=1 -I/usr/include/SDL -D_GNU_SOURCE=1 -D_REENTRANT conftest.c >&5
configure:8055: $? = 0
configure:8055: result: yes
configure:8092: checking for SDLNet_Init in -lSDL_net
configure:8115: gcc -o conftest -DWPI_OS_PROJECT_3=1 -DWPI_OS_PROJECT_3=1 -I/usr/include/SDL -D_GNU_SOURCE=1 -D_REENTRANT  conftest.c -lSDL_net  -lasound -lm -ldl -lpthread -L/usr/lib/x86_64-linux-gnu -lSDL -lpng -lz >&5
configure:8115: $? = 0
configure:8125: result: yes
configure:8145: checking for main in -lX11
configure:8165: gcc -o conftest -DWPI_OS_PROJECT_3=1 -DWPI_OS_PROJECT_3=1 -I/usr/include/SDL -D_GNU_SOURCE=1 -D_REENTRANT  conftest.c -lX11  -lasound -lm -ldl -lpthread -L/usr/lib/x86_64-linux-gnu -lSDL -lpng -lz -lSDL_net >&5
configure:8165: $? = 0
configure:8175: result: yes
configure:8184: checking for X11/XKBlib.h
configure:8184: gcc -c -DWPI_OS_PROJECT_3=1 -DWPI_OS_PROJECT_3=1 -I/usr/include/SDL -D_GNU_SOURCE=1 -D_REENTRANT conftest.c >&5
configure:8184: $? = 0
configure:8184: result: yes
configure:8192: checking for XKBlib support
configure:8198: result: yes
configure:8206: checking for main in -lGL
configure:8226: gcc -o conftest -DWPI_OS_PROJECT_3=1 -DWPI_OS_PROJECT_3=1 -I/usr/include/SDL -D_GNU_SOURCE=1 -D_REENTRANT  conftest.c -lGL  -lasound -lm -ldl -lpthread -L/usr/lib/x86_64-linux-gnu -lSDL -lpng -lz -lSDL_net -lX11 >&5
configure:8226: $? = 0
configure:8236: result: yes
configure:8245: checking for main in -lopengl32
configure:8265: gcc -o conftest -DWPI_OS_PROJECT_3=1 -DWPI_OS_PROJECT_3=1 -I/usr/include/SDL -D_GNU_SOURCE=1 -D_REENTRANT  conftest.c -lopengl32  -lasound -lm -ldl -lpthread -L/usr/lib/x86_64-linux-gnu -lSDL -lpng -lz -lSDL_net -lX11 >&5
/usr/bin/ld: cannot find -lopengl32: No such file or directory
collect2: error: ld returned 1 exit status
configure:8265: $? = 1
configure: failed program was:
| /* confdefs.h */
| #define PACKAGE_NAME "dosbox"
| #define PACKAGE_TARNAME "dosbox"
| #define PACKAGE_VERSION "SVN"
| #define PACKAGE_STRING "dosbox SVN"
| #define PACKAGE_BUGREPORT ""
| #define PACKAGE_URL ""
| #define PACKAGE "dosbox"
| #define VERSION "SVN"
| #define HAVE_STDIO_H 1
| #define HAVE_STDLIB_H 1
| #define HAVE_STRING_H 1
| #define HAVE_INTTYPES_H 1
| #define HAVE_STDINT_H 1
| #define HAVE_STRINGS_H 1
| #define HAVE_SYS_STAT_H 1
| #define HAVE_SYS_TYPES_H 1
| #define HAVE_UNISTD_H 1
| #define STDC_HEADERS 1
| #define SIZEOF_UNSIGNED_CHAR 1
| #define SIZEOF_UNSIGNED_SHORT 2
| #define SIZEOF_UNSIGNED_INT 4
| #define SIZEOF_UNSIGNED_LONG 8
| #define SIZEOF_UNSIGNED_LONG_LONG 8
| #define SIZEOF_INT_P 8
| #define HAVE_STDLIB_H 1
| #define HAVE_SYS_TYPES_H 1
| #define HAVE_SYS_SOCKET_H 1
| #define HAVE_NETINET_IN_H 1
| #define HAVE_PWD_H 1
| #define ENVIRON_INCLUDED 1
| #define ENVIRON_LINKED 1
| #define DIRENT_HAS_D_TYPE 1
| #define DB_HAVE_CLOCK_GETTIME 1
| #define C_HAS_ATTRIBUTE 1
| #define C_ATTRIBUTE_ALWAYS_INLINE 1
| #define C_HAS_BUILTIN_EXPECT 1
| #define HAVE_LIBASOUND 1
| #define HAVE_ALSA 1
| #define C_CORE_INLINE 1
| #define C_TARGETCPU X86_64
| #define C_DYNAMIC_X86 1
| #define C_FPU 1
| #define C_FPU_X86 1
| #define C_UNALIGNED_MEMORY 1
| #define C_SSHOT 1
| #define C_SRECORD 1
| #define C_MODEM 1
| #define C_IPX 1
| #define C_X11_XKB 1
| /* end confdefs.h.  */
| 
| 
| int
| main (void)
| {
| return main ();
|   ;
|   return 0;
| }
configure:8275: result: no
configure:8284: checking for GL/gl.h
configure:8284: gcc -c -DWPI_OS_PROJECT_3=1 -DWPI_OS_PROJECT_3=1 -I/usr/include/SDL -D_GNU_SOURCE=1 -D_REENTRANT conftest.c >&5
configure:8284: $? = 0
configure:8284: result: yes
configure:8300: checking whether opengl display output will be enabled
configure:8313: result: yes
configure:8344: checking for ddraw.h
configure:8344: gcc -c -DWPI_OS_PROJECT_3=1 -DWPI_OS_PROJECT_3=1 -I/usr/include/SDL -D_GNU_SOURCE=1 -D_REENTRANT conftest.c >&5
conftest.c:81:10: fatal error: ddraw.h: No such file or directory
   81 | #include <ddraw.h>
      |          ^~~~~~~~~
compilation terminated.
configure:8344: $? = 1
configure: failed program was:
| /* confdefs.h */
| #define PACKAGE_NAME "dosbox"
| #define PACKAGE_TARNAME "dosbox"
| #define PACKAGE_VERSION "SVN"
| #define PACKAGE_STRING "dosbox SVN"
| #define PACKAGE_BUGREPORT ""
| #define PACKAGE_URL ""
| #define PACKAGE "dosbox"
| #define VERSION "SVN"
| #define HAVE_STDIO_H 1
| #define HAVE_STDLIB_H 1
| #define HAVE_STRING_H 1
| #define HAVE_INTTYPES_H 1
| #define HAVE_STDINT_H 1
| #define HAVE_STRINGS_H 1
| #define HAVE_SYS_STAT_H 1
| #define HAVE_SYS_TYPES_H 1
| #define HAVE_UNISTD_H 1
| #define STDC_HEADERS 1
| #define SIZEOF_UNSIGNED_CHAR 1
| #define SIZEOF_UNSIGNED_SHORT 2
| #define SIZEOF_UNSIGNED_INT 4
| #define SIZEOF_UNSIGNED_LONG 8
| #define SIZEOF_UNSIGNED_LONG_LONG 8
| #define SIZEOF_INT_P 8
| #define HAVE_STDLIB_H 1
| #define HAVE_SYS_TYPES_H 1
| #define HAVE_SYS_SOCKET_H 1
| #define HAVE_NETINET_IN_H 1
| #define HAVE_PWD_H 1
| #define ENVIRON_INCLUDED 1
| #define ENVIRON_LINKED 1
| #define DIRENT_HAS_D_TYPE 1
| #define DB_HAVE_CLOCK_GETTIME 1
| #define C_HAS_ATTRIBUTE 1
| #define C_ATTRIBUTE_ALWAYS_INLINE 1
| #define C_HAS_BUILTIN_EXPECT 1
| #define HAVE_LIBASOUND 1
| #define HAVE_ALSA 1
| #define C_CORE_INLINE 1
| #define C_TARGETCPU X86_64
| #define C_DYNAMIC_X86 1
| #define C_FPU 1
| #define C_FPU_X86 1
| #define C_UNALIGNED_MEMORY 1
| #define C_SSHOT 1
| #define C_SRECORD 1
| #define C_MODEM 1
| #define C_IPX 1
| #define C_X11_XKB 1
| #define C_OPENGL 1
| /* end confdefs.h.  */
| #include <stddef.h>
| #ifdef HAVE_STDIO_H
| # include <stdio.h>
| #endif
| #ifdef HAVE_STDLIB_H
| # include <stdlib.h>
| #endif
| #ifdef HAVE_STRING_H
| # include <string.h>
| #endif
| #ifdef HAVE_INTTYPES_H
| # include <inttypes.h>
| #endif
| #ifdef HAVE_STDINT_H
| # include <stdint.h>
| #endif
| #ifdef HAVE_STRINGS_H
| # include <strings.h>
| #endif
| #ifdef HAVE_SYS_TYPES_H
| # include <sys/types.h>
| #endif
| #ifdef HAVE_SYS_STAT_H
| # include <sys/stat.h>
| #endif
| #ifdef HAVE_UNISTD_H
| # include <unistd.h>
| #endif
| #include <ddraw.h>
configure:8344: result: no
configure:8352: checking whether ddraw display output will be enabled
configure:8368: result: no
configure:8375: checking for SDL_sound.h
configure:8375: gcc -c -DWPI_OS_PROJECT_3=1 -DWPI_OS_PROJECT_3=1 -I/usr/include/SDL -D_GNU_SOURCE=1 -D_REENTRANT conftest.c >&5
configure:8375: $? = 0
configure:8375: result: yes
configure:8381: checking for Sound_Init in -lSDL_sound
configure:8404: gcc -o conftest -DWPI_OS_PROJECT_3=1 -DWPI_OS_PROJECT_3=1 -I/usr/include/SDL -D_GNU_SOURCE=1 -D_REENTRANT  conftest.c -lSDL_sound  -lasound -lm -ldl -lpthread -L/usr/lib/x86_64-linux-gnu -lSDL -lpng -lz -lSDL_net -lX11 -lGL >&5
configure:8404: $? = 0
configure:8414: result: yes
configure:8421: checking for Sound_Seek in -lSDL_sound
configure:8444: gcc -o conftest -DWPI_OS_PROJECT_3=1 -DWPI_OS_PROJECT_3=1 -I/usr/include/SDL -D_GNU_SOURCE=1 -D_REENTRANT  conftest.c -lSDL_sound  -lasound -lm -ldl -lpthread -L/usr/lib/x86_64-linux-gnu -lSDL -lpng -lz -lSDL_net -lX11 -lGL >&5
configure:8444: $? = 0
configure:8454: result: yes
configure:8533: checking for sys/mman.h
configure:8533: gcc -c -DWPI_OS_PROJECT_3=1 -DWPI_OS_PROJECT_3=1 -I/usr/include/SDL -D_GNU_SOURCE=1 -D_REENTRANT conftest.c >&5
configure:8533: $? = 0
configure:8533: result: yes
configure:8537: checking for mprotect
configure:8537: gcc -o conftest -DWPI_OS_PROJECT_3=1 -DWPI_OS_PROJECT_3=1 -I/usr/include/SDL -D_GNU_SOURCE=1 -D_REENTRANT  conftest.c -lSDL_sound -lasound -lm -ldl -lpthread -L/usr/lib/x86_64-linux-gnu -lSDL -lpng -lz -lSDL_net -lX11 -lGL >&5
configure:8537: $? = 0
configure:8537: result: yes
configure:8548: checking for realpath
configure:8548: gcc -o conftest -DWPI_OS_PROJECT_3=1 -DWPI_OS_PROJECT_3=1 -I/usr/include/SDL -D_GNU_SOURCE=1 -D_REENTRANT  conftest.c -lSDL_sound -lasound -lm -ldl -lpthread -L/usr/lib/x86_64-linux-gnu -lSDL -lpng -lz -lSDL_net -lX11 -lGL >&5
configure:8548: $? = 0
configure:8548: result: yes
configure:8557: checking for setpriority support
configure:8568: gcc -o conftest -DWPI_OS_PROJECT_3=1 -DWPI_OS_PROJECT_3=1 -I/usr/include/SDL -D_GNU_SOURCE=1 -D_REENTRANT  conftest.c -lSDL_sound -lasound -lm -ldl -lpthread -L/usr/lib/x86_64-linux-gnu -lSDL -lpng -lz -lSDL_net -lX11 -lGL >&5
configure:8568: $? = 0
configure:8570: result: yes
configure:8862: checking that generated files are newer than configure
configure:8868: result: done
configure:8904: creating ./config.status

## ---------------------- ##
## Running config.status. ##
## ---------------------- ##

This file was extended by dosbox config.status SVN, which was
generated by GNU Autoconf 2.71.  Invocation command line was

  CONFIG_FILES    = 
  CONFIG_HEADERS  = 
  CONFIG_LINKS    = 
  CONFIG_COMMANDS = 
  $ ./config.status 

on cs2324

config.status:935: creating Makefile
config.status:935: creating src/Makefile
config.status:935: creating src/cpu/Makefile
config.status:935: creating src/cpu/core_full/Makefile
config.status:935: creating src/cpu/core_normal/Makefile
config.status:935: creating src/cpu/core_dyn_x86/Makefile
config.status:935: creating src/cpu/core_dynrec/Makefile
config.status:935: creating src/debug/Makefile
config.status:935: creating src/dos/Makefile
config.status:935: creating src/fpu/Makefile
config.status:935: creating src/gui/Makefile
config.status:935: creating src/hardware/Makefile
config.status:935: creating src/hardware/mame/Makefile
config.status:935: creating src/hardware/serialport/Makefile
config.status:935: creating src/ints/Makefile
config.status:935: creating src/libs/Makefile
config.status:935: creating src/libs/zmbv/Makefile
config.status:935: creating src/libs/gui_tk/Makefile
config.status:935: creating src/misc/Makefile
config.status:935: creating src/shell/Makefile
config.status:935: creating src/platform/Makefile
config.status:935: creating src/platform/macosx/Makefile
config.status:935: creating src/platform/visualc/Makefile
config.status:935: creating visualc_net/Makefile
config.status:935: creating include/Makefile
config.status:935: creating docs/Makefile
config.status:935: creating config.h
config.status:1164: executing depfiles commands
config.status:1241: cd src       && sed -e '/# am--include-marker/d' Makefile         | make -f - am--depfiles
make[1]: Entering directory '/home/student/CS3013Projects/CS3013_Project_3/project3/dosbox-src/src'
make[1]: Leaving directory '/home/student/CS3013Projects/CS3013_Project_3/project3/dosbox-src/src'
config.status:1246: $? = 0
config.status:1241: cd src/cpu       && sed -e '/# am--include-marker/d' Makefile         | make -f - am--depfiles
make[1]: Entering directory '/home/student/CS3013Projects/CS3013_Project_3/project3/dosbox-src/src/cpu'
make[1]: Leaving directory '/home/student/CS3013Projects/CS3013_Project_3/project3/dosbox-src/src/cpu'
config.status:1246: $? = 0
config.status:1241: cd src/debug       && sed -e '/# am--include-marker/d' Makefile         | make -f - am--depfiles
make[1]: Entering directory '/home/student/CS3013Projects/CS3013_Project_3/project3/dosbox-src/src/debug'
make[1]: Leaving directory '/home/student/CS3013Projects/CS3013_Project_3/project3/dosbox-src/src/debug'
config.status:1246: $? = 0
config.status:1241: cd src/dos       && sed -e '/# am--include-marker/d' Makefile         | make -f - am--depfiles
make[1]: Entering directory '/home/student/CS3013Projects/CS3013_Project_3/project3/dosbox-src/src/dos'
make[1]: Leaving directory '/home/student/CS3013Projects/CS3013_Project_3/project3/dosbox-src/src/dos'
config.status:1246: $? = 0
config.status:1241: cd src/fpu       && sed -e '/# am--include-marker/d' Makefile         | make -f - am--depfiles
make[1]: Entering directory '/home/student/CS3013Projects/CS3013_Project_3/project3/dosbox-src/src/fpu'
make[1]: Leaving directory '/home/student/CS3013Projects/CS3013_Project_3/project3/dosbox-src/src/fpu'
config.status:1246: $? = 0
config.status:1241: cd src/gui       && sed -e '/# am--include-marker/d' Makefile         | make -f - am--depfiles
make[1]: Entering directory '/home/student/CS3013Projects/CS3013_Project_3/project3/dosbox-src/src/gui'
make[1]: Leaving directory '/home/student/CS3013Projects/CS3013_Project_3/project3/dosbox-src/src/gui'
config.status:1246: $? = 0
config.status:1241: cd src/hardware       && sed -e '/# am--include-marker/d' Makefile         | make -f - am--depfiles
make[1]: Entering directory '/home/student/CS3013Projects/CS3013_Project_3/project3/dosbox-src/src/hardware'
make[1]: Leaving directory '/home/student/CS3013Projects/CS3013_Project_3/project3/dosbox-src/src/hardware'
config.status:1246: $? = 0
config.status:1241: cd src/hardware/mame       && sed -e '/# am--include-marker/d' Makefile         | make -f - am--depfiles
make[1]: Entering directory '/home/student/CS3013Projects/CS3013_Project_3/project3/dosbox-src/src/hardware/mame'
make[1]: Leaving directory '/home/student/CS3013Projects/CS3013_Project_3/project3/dosbox-src/src/hardware/mame'
config.status:1246: $? = 0
config.status:1241: cd src/hardware/serialport       && sed -e '/# am--include-marker/d' Makefile         | make -f - am--depfiles
make[1]: Entering directory '/home/student/CS3013Projects/CS3013_Project_3/project3/dosbox-src/src/hardware/serialport'
make[1]: Leaving directory '/home/student/CS3013Projects/CS3013_Project_3/project3/dosbox-src/src/hardware/serialport'
config.status:1246: $? = 0
config.status:1241: cd src/ints       && sed -e '/# am--include-marker/d' Makefile         | make -f - am--depfiles
make[1]: Entering directory '/home/student/CS3013Projects/CS3013_Project_3/project3/dosbox-src/src/ints'
make[1]: Leaving directory '/home/student/CS3013Projects/CS3013_Project_3/project3/dosbox-src/src/ints'
config.status:1246: $? = 0
config.status:1241: cd src/libs/gui_tk       && sed -e '/# am--include-marker/d' Makefile         | make -f - am--depfiles
make[1]: Entering directory '/home/student/CS3013Projects/CS3013_Project_3/project3/dosbox-src/src/libs/gui_tk'
make[1]: Leaving directory '/home/student/CS3013Projects/CS3013_Project_3/project3/dosbox-src/src/libs/gui_tk'
config.status:1246: $? = 0
config.status:1241: cd src/misc       && sed -e '/# am--include-marker/d' Makefile         | make -f - am--depfiles
make[1]: Entering directory '/home/student/CS3013Projects/CS3013_Project_3/project3/dosbox-src/src/misc'
make[1]: Leaving directory '/home/student/CS3013Projects/CS3013_Project_3/project3/dosbox-src/src/misc'
config.status:1246: $? = 0
config.status:1241: cd src/shell       && sed -e '/# am--include-marker/d' Makefile         | make -f - am--depfiles
make[1]: Entering directory '/home/student/CS3013Projects/CS3013_Project_3/project3/dosbox-src/src/shell'
make[1]: Leaving directory '/home/student/CS3013Projects/CS3013_Project_3/project3/dosbox-src/src/shell'
config.status:1246: $? = 0

## ---------------- ##
## Cache variables. ##
## ---------------- ##

ac_cv_build=x86_64-pc-linux-gnu
ac_cv_c_bigendian=no
ac_cv_c_compiler_gnu=yes
ac_cv_c_const=yes
ac_cv_c_inline=inline
ac_cv_cxx_compiler_gnu=yes
ac_cv_env_CCC_set=
ac_cv_env_CCC_value=
ac_cv_env_CC_set=
ac_cv_env_CC_value=
ac_cv_env_CFLAGS_set=set
ac_cv_env_CFLAGS_value=-DWPI_OS_PROJECT_3=1
ac_cv_env_CPPFLAGS_set=set
ac_cv_env_CPPFLAGS_value=-DWPI_OS_PROJECT_3=1
ac_cv_env_CPP_set=
ac_cv_env_CPP_value=
ac_cv_env_CXXFLAGS_set=
ac_cv_env_CXXFLAGS_value=
ac_cv_env_CXX_set=
ac_cv_env_CXX_value=
ac_cv_env_LDFLAGS_set=
ac_cv_env_LDFLAGS_value=
ac_cv_env_LIBS_set=
ac_cv_env_LIBS_value=
ac_cv_env_build_alias_set=
ac_cv_env_build_alias_value=
ac_cv_env_host_alias_set=
ac_cv_env_host_alias_value=
ac_cv_env_target_alias_set=
ac_cv_env_target_alias_value=
ac_cv_func_mprotect=yes
ac_cv_func_realpath=yes
ac_cv_header_GL_gl_h=yes
ac_cv_header_SDL_net_h=yes
ac_cv_header_SDL_sound_h=yes
ac_cv_header_X11_XKBlib_h=yes
ac_cv_header_ddraw_h=no
ac_cv_header_inttypes_h=yes
ac_cv_header_netinet_in_h=yes
ac_cv_header_png_h=yes
ac_cv_header_pwd_h=yes
ac_cv_header_stdint_h=yes
ac_cv_header_stdio_h=yes
ac_cv_header_stdlib_h=yes
ac_cv_header_string_h=yes
ac_cv_header_strings_h=yes
ac_cv_header_sys_mman_h=yes
ac_cv_header_sys_socket_h=yes
ac_cv_header_sys_stat_h=yes
ac_cv_header_sys_types_h=yes
ac_cv_header_unistd_h=yes
ac_cv_header_zlib_h=yes
ac_cv_host=x86_64-pc-linux-gnu
ac_cv_lib_GL_main=yes
ac_cv_lib_SDL_net_SDLNet_Init=yes
ac_cv_lib_SDL_sound_Sound_Init=yes
ac_cv_lib_SDL_sound_Sound_Seek=yes
ac_cv_lib_X11_main=yes
ac_cv_lib_asound_snd_ctl_open=yes
ac_cv_lib_opengl32_main=no
ac_cv_lib_png_png_get_io_ptr=yes
ac_cv_lib_z_compress=yes
ac_cv_objext=o
ac_cv_path_SDL_CONFIG=/usr/bin/sdl-config
ac_cv_path_install='/usr/bin/install -c'
ac_cv_path_mkdir=/usr/bin/mkdir
ac_cv_prog_AWK=gawk
ac_cv_prog_CPP='gcc -E'
ac_cv_prog_ac_ct_CC=gcc
ac_cv_prog_ac_ct_CXX=g++
ac_cv_prog_ac_ct_RANLIB=ranlib
ac_cv_prog_cc_c11=
ac_cv_prog_cc_g=yes
ac_cv_prog_cc_stdc=
ac_cv_prog_cxx_11=no
ac_cv_prog_cxx_cxx11=
ac_cv_prog_cxx_g=yes
ac_cv_prog_cxx_stdcxx=
ac_cv_prog_make_make_set=yes
ac_cv_search_clock_gettime='none required'
ac_cv_sizeof_int_p=8
ac_cv_sizeof_unsigned_char=1
ac_cv_sizeof_unsigned_int=4
ac_cv_sizeof_unsigned_long=8
ac_cv_sizeof_unsigned_long_long=8
ac_cv_sizeof_unsigned_short=2
ac_cv_struct_tm=time.h
ac_cv_type_size_t=yes
am_cv_CC_dependencies_compiler_type=gcc3
am_cv_CXX_dependencies_compiler_type=gcc3
am_cv_make_support_nested_variables=yes
am_cv_prog_cc_c_o=yes

## ----------------- ##
## Output variables. ##
## ----------------- ##

ACLOCAL='${SHELL} '\''/home/student/CS3013Projects/CS3013_Project_3/project3/dosbox-src/missing'\'' aclocal-1.16'
ALSA_CFLAGS=''
ALSA_LIBS=' -lasound -lm -ldl -lpthread'
AMDEPBACKSLASH='\'
AMDEP_FALSE='#'
AMDEP_TRUE=''
AMTAR='$${TAR-tar}'
AM_BACKSLASH='\'
AM_DEFAULT_V='$(AM_DEFAULT_VERBOSITY)'
AM_DEFAULT_VERBOSITY='1'
AM_V='$(V)'
AUTOCONF='${SHELL} '\''/home/student/CS3013Projects/CS3013_Project_3/project3/dosbox-src/missing'\'' autoconf'
AUTOHEADER='${SHELL} '\''/home/student/CS3013Projects/CS3013_Project_3/project3/dosbox-src/missing'\'' autoheader'
AUTOMAKE='${SHELL} '\''/home/student/CS3013Projects/CS3013_Project_3/project3/dosbox-src/missing'\'' automake-1.16'
AWK='gawk'
CC='gcc'
CCDEPMODE='depmode=gcc3'
CFLAGS='-DWPI_OS_PROJECT_3=1'
CPP='gcc -E'
CPPFLAGS='-DWPI_OS_PROJECT_3=1 -I/usr/include/SDL -D_GNU_SOURCE=1 -D_REENTRANT'
CSCOPE='cscope'
CTAGS='ctags'
CXX='g++'
CXXDEPMODE='depmode=gcc3'
CXXFLAGS='-g -O2 -mno-ms-bitfields '
CYGPATH_W='echo'
DEFS='-DHAVE_CONFIG_H'
DEPDIR='.deps'
ECHO_C=''
ECHO_N='-n'
ECHO_T=''
ETAGS='etags'
EXEEXT=''
HAVE_WINDRES_FALSE=''
HAVE_WINDRES_TRUE='#'
INSTALL_DATA='${INSTALL} -m 644'
INSTALL_PROGRAM='${INSTALL}'
INSTALL_SCRIPT='${INSTALL}'
INSTALL_STRIP_PROGRAM='$(install_sh) -c -s'
LDFLAGS=''
LIBOBJS=''
LIBS='-lSDL_sound -lasound -lm -ldl -lpthread -L/usr/lib/x86_64-linux-gnu -lSDL -lpng -lz -lSDL_net -lX11 -lGL'
LTLIBOBJS=''
MACOSX_FALSE=''
MACOSX_TRUE='#'
MAKEINFO='${SHELL} '\''/home/student/CS3013Projects/CS3013_Project_3/project3/dosbox-src/missing'\'' makeinfo'
MKDIR_P='/usr/bin/mkdir -p'
OBJEXT='o'
PACKAGE='dosbox'
PACKAGE_BUGREPORT=''
PACKAGE_NAME='dosbox'
PACKAGE_STRING='dosbox SVN'
PACKAGE_TARNAME='dosbox'
PACKAGE_URL=''
PACKAGE_VERSION='SVN'
PATH_SEPARATOR=':'
RANLIB='ranlib'
SDL_CFLAGS='-I/usr/include/SDL -D_GNU_SOURCE=1 -D_REENTRANT'
SDL_CONFIG='/usr/bin/sdl-config'
SDL_LIBS='-L/usr/lib/x86_64-linux-gnu -lSDL'
SET_MAKE=''
SHELL='/bin/bash'
STRIP=''
VERSION='SVN'
WINDRES=':'
ac_ct_CC='gcc'
ac_ct_CXX='g++'
am__EXEEXT_FALSE=''
am__EXEEXT_TRUE='#'
am__fastdepCC_FALSE='#'
am__fastdepCC_TRUE=''
am__fastdepCXX_FALSE='#'
am__fastdepCXX_TRUE=''
am__include='include'
am__isrc=''
am__leading_dot='.'
am__nodep='_no'
am__quote=''
am__tar='$${TAR-tar} chof - "$$tardir"'
am__untar='$${TAR-tar} xf -'
bindir='${exec_prefix}/bin'
build='x86_64-pc-linux-gnu'
build_alias=''
build_cpu='x86_64'
build_os='linux-gnu'
build_vendor='pc'
datadir='${datarootdir}'
datarootdir='${prefix}/share'
docdir='${datarootdir}/doc/${PACKAGE_TARNAME}'
dvidir='${docdir}'
exec_prefix='${prefix}'
host='x86_64-pc-linux-gnu'
host_alias=''
host_cpu='x86_64'
host_os='linux-gnu'
host_vendor='pc'
htmldir='${docdir}'
includedir='${prefix}/include'
infodir='${datarootdir}/info'
install_sh='${SHELL} /home/student/CS3013Projects/CS3013_Project_3/project3/dosbox-src/install-sh'
libdir='${exec_prefix}/lib'
libexecdir='${exec_prefix}/libexec'
localedir='${datarootdir}/locale'
localstatedir='${prefix}/var'
mandir='${datarootdir}/man'
mkdir_p='$(MKDIR_P)'
oldincludedir='/usr/include'
pdfdir='${docdir}'
prefix='/home/student/CS3013Projects/CS3013_Project_3/project3/dosbox-src/../dosbox-bin'
program_transform_name='s,x,x,'
psdir='${docdir}'
runstatedir='${localstatedir}/run'
sbindir='${exec_prefix}/sbin'
sharedstatedir='${prefix}/com'
sysconfdir='${prefix}/etc'
target_alias=''

## ----------- ##
## confdefs.h. ##
## ----------- ##

/* confdefs.h */
#define PACKAGE_NAME "dosbox"
#define PACKAGE_TARNAME "dosbox"
#define PACKAGE_VERSION "SVN"
#define PACKAGE_STRING "dosbox SVN"
#define PACKAGE_BUGREPORT ""
#define PACKAGE_URL ""
#define PACKAGE "dosbox"
#define VERSION "SVN"
#define HAVE_STDIO_H 1
#define HAVE_STDLIB_H 1
#define HAVE_STRING_H 1
#define HAVE_INTTYPES_H 1
#define HAVE_STDINT_H 1
#define HAVE_STRINGS_H 1
#define HAVE_SYS_STAT_H 1
#define HAVE_SYS_TYPES_H 1
#define HAVE_UNISTD_H 1
#define STDC_HEADERS 1
#define SIZEOF_UNSIGNED_CHAR 1
#define SIZEOF_UNSIGNED_SHORT 2
#define SIZEOF_UNSIGNED_INT 4
#define SIZEOF_UNSIGNED_LONG 8
#define SIZEOF_UNSIGNED_LONG_LONG 8
#define SIZEOF_INT_P 8
#define HAVE_STDLIB_H 1
#define HAVE_SYS_TYPES_H 1
#define HAVE_SYS_SOCKET_H 1
#define HAVE_NETINET_IN_H 1
#define HAVE_PWD_H 1
#define ENVIRON_INCLUDED 1
#define ENVIRON_LINKED 1
#define DIRENT_HAS_D_TYPE 1
#define DB_HAVE_CLOCK_GETTIME 1
#define C_HAS_ATTRIBUTE 1
#define C_ATTRIBUTE_ALWAYS_INLINE 1
#define C_HAS_BUILTIN_EXPECT 1
#define HAVE_LIBASOUND 1
#define HAVE_ALSA 1
#define C_CORE_INLINE 1
#define C_TARGETCPU X86_64
#define C_DYNAMIC_X86 1
#define C_FPU 1
#define C_FPU_X86 1
#define C_UNALIGNED_MEMORY 1
#define C_SSHOT 1
#define C_SRECORD 1
#define C_MODEM 1
#define C_IPX 1
#define C_X11_XKB 1
#define C_OPENGL 1
#define C_SDL_SOUND 1
#define C_HAVE_MPROTECT 1
#define HAVE_REALPATH 1
#define C_SET_PRIORITY 1
#define LINUX 1
#define C_DIRECTSERIAL 1

configure: exit 0
